Using pre-set license
Built from '2022.3/staging' branch; Version is '2022.3.38f1 (c5d5a7410213) revision 12965287'; Using compiler version '192829333'; Build Type 'Release'
OS: 'Windows 10  (10.0.19045) 64bit Core' Language: 'fr' Physical Memory: 8150 MB
BatchMode: 1, IsHumanControllingUs: 0, StartBugReporterOnCrash: 0, Is64bit: 1, IsPro: 1

COMMAND LINE ARGUMENTS:
D:\Unity\2022.3.38f1\Editor\Unity.exe
-adb2
-batchMode
-noUpm
-name
AssetImportWorker1
-projectPath
C:/Users/micka/OneDrive/Bureau/CdlR_Mickael/Code_de_la_Rue
-logFile
Logs/AssetImportWorker1.log
-srvPort
50184
Successfully changed project path to: C:/Users/micka/OneDrive/Bureau/CdlR_Mickael/Code_de_la_Rue
C:/Users/micka/OneDrive/Bureau/CdlR_Mickael/Code_de_la_Rue
[UnityMemory] Configuration Parameters - Can be set up in boot.config
    "memorysetup-bucket-allocator-granularity=16"
    "memorysetup-bucket-allocator-bucket-count=8"
    "memorysetup-bucket-allocator-block-size=33554432"
    "memorysetup-bucket-allocator-block-count=8"
    "memorysetup-main-allocator-block-size=16777216"
    "memorysetup-thread-allocator-block-size=16777216"
    "memorysetup-gfx-main-allocator-block-size=16777216"
    "memorysetup-gfx-thread-allocator-block-size=16777216"
    "memorysetup-cache-allocator-block-size=4194304"
    "memorysetup-typetree-allocator-block-size=2097152"
    "memorysetup-profiler-bucket-allocator-granularity=16"
    "memorysetup-profiler-bucket-allocator-bucket-count=8"
    "memorysetup-profiler-bucket-allocator-block-size=33554432"
    "memorysetup-profiler-bucket-allocator-block-count=8"
    "memorysetup-profiler-allocator-block-size=16777216"
    "memorysetup-profiler-editor-allocator-block-size=1048576"
    "memorysetup-temp-allocator-size-main=16777216"
    "memorysetup-job-temp-allocator-block-size=2097152"
    "memorysetup-job-temp-allocator-block-size-background=1048576"
    "memorysetup-job-temp-allocator-reduction-small-platforms=262144"
    "memorysetup-allocator-temp-initial-block-size-main=262144"
    "memorysetup-allocator-temp-initial-block-size-worker=262144"
    "memorysetup-temp-allocator-size-background-worker=32768"
    "memorysetup-temp-allocator-size-job-worker=262144"
    "memorysetup-temp-allocator-size-preload-manager=33554432"
    "memorysetup-temp-allocator-size-nav-mesh-worker=65536"
    "memorysetup-temp-allocator-size-audio-worker=65536"
    "memorysetup-temp-allocator-size-cloud-worker=32768"
    "memorysetup-temp-allocator-size-gi-baking-worker=262144"
    "memorysetup-temp-allocator-size-gfx=262144"
Player connection [16396]  Target information:

Player connection [16396]  * "[IP] 192.168.1.14 [Port] 0 [Flags] 2 [Guid] 3047022081 [EditorId] 3047022081 [Version] 1048832 [Id] WindowsEditor(7,LAPTOP-C95K7EU2) [Debug] 1 [PackageName] WindowsEditor [ProjectName] Editor" 

Player connection [16396] Host joined multi-casting on [225.0.0.222:54997]...
Player connection [16396] Host joined alternative multi-casting on [225.0.0.222:34997]...
[PhysX] Initialized MultithreadedTaskDispatcher with 8 workers.
Refreshing native plugins compatible for Editor in 22.91 ms, found 3 plugins.
Preloading 0 native plugins for Editor in 0.00 ms.
Initialize engine version: 2022.3.38f1 (c5d5a7410213)
[Subsystems] Discovering subsystems at path D:/Unity/2022.3.38f1/Editor/Data/Resources/UnitySubsystems
[Subsystems] Discovering subsystems at path C:/Users/micka/OneDrive/Bureau/CdlR_Mickael/Code_de_la_Rue/Assets
GfxDevice: creating device client; threaded=0; jobified=0
Direct3D:
    Version:  Direct3D 11.0 [level 11.1]
    Renderer: NVIDIA GeForce GTX 1060 with Max-Q Design (ID=0x1c60)
    Vendor:   NVIDIA
    VRAM:     6031 MB
    Driver:   32.0.15.6094
Initialize mono
Mono path[0] = 'D:/Unity/2022.3.38f1/Editor/Data/Managed'
Mono path[1] = 'D:/Unity/2022.3.38f1/Editor/Data/MonoBleedingEdge/lib/mono/unityjit-win32'
Mono config path = 'D:/Unity/2022.3.38f1/Editor/Data/MonoBleedingEdge/etc'
Using monoOptions --debugger-agent=transport=dt_socket,embedding=1,server=y,suspend=n,address=127.0.0.1:56400
Begin MonoManager ReloadAssembly
Registering precompiled unity dll's ...
Register platform support module: D:/Unity/2022.3.38f1/Editor/Data/PlaybackEngines/AndroidPlayer/UnityEditor.Android.Extensions.dll
Register platform support module: D:/Unity/2022.3.38f1/Editor/Data/PlaybackEngines/WindowsStandaloneSupport/UnityEditor.WindowsStandalone.Extensions.dll
Registered in 0.009888 seconds.
- Loaded All Assemblies, in  2.929 seconds
Native extension for WindowsStandalone target not found
Native extension for Android target not found
Android Extension - Scanning For ADB Devices 4146 ms
Mono: successfully reloaded assembly
- Finished resetting the current domain, in  7.999 seconds
Domain Reload Profiling: 10932ms
	BeginReloadAssembly (817ms)
		ExecutionOrderSort (0ms)
		DisableScriptedObjects (0ms)
		BackupInstance (0ms)
		ReleaseScriptingObjects (0ms)
		CreateAndSetChildDomain (2ms)
	RebuildCommonClasses (317ms)
	RebuildNativeTypeToScriptingClass (47ms)
	initialDomainReloadingComplete (628ms)
	LoadAllAssembliesAndSetupDomain (1120ms)
		LoadAssemblies (814ms)
		RebuildTransferFunctionScriptingTraits (0ms)
		AnalyzeDomain (1114ms)
			TypeCache.Refresh (1111ms)
				TypeCache.ScanAssembly (959ms)
			ScanForSourceGeneratedMonoScriptInfo (1ms)
			ResolveRequiredComponents (1ms)
	FinalizeReload (8004ms)
		ReleaseScriptCaches (0ms)
		RebuildScriptCaches (0ms)
		SetupLoadedEditorAssemblies (7729ms)
			LogAssemblyErrors (0ms)
			InitializePlatformSupportModulesInManaged (4967ms)
			SetLoadedEditorAssemblies (15ms)
			RefreshPlugins (0ms)
			BeforeProcessingInitializeOnLoad (10ms)
			ProcessInitializeOnLoadAttributes (2176ms)
			ProcessInitializeOnLoadMethodAttributes (555ms)
			AfterProcessingInitializeOnLoad (0ms)
			EditorAssembliesLoaded (5ms)
		ExecutionOrderSort2 (0ms)
		AwakeInstancesAfterBackupRestoration (0ms)
========================================================================
Worker process is ready to serve import requests
Begin MonoManager ReloadAssembly
Symbol file data-0000011D13093640 doesn't match image C:\Users\micka\OneDrive\Bureau\CdlR_Mickael\Code_de_la_Rue\Library\ScriptAssemblies\Unity.AdaptivePerformance.Samsung.Android.dll
Symbol file LoadedFromMemory is not a mono symbol file
Symbol file data-0000011D1309D450 doesn't match image C:\Users\micka\OneDrive\Bureau\CdlR_Mickael\Code_de_la_Rue\Library\ScriptAssemblies\Unity.Notifications.dll
Symbol file LoadedFromMemory is not a mono symbol file
Symbol file data-0000011D11C2D020 doesn't match image C:\Users\micka\OneDrive\Bureau\CdlR_Mickael\Code_de_la_Rue\Library\ScriptAssemblies\Unity.PlasticSCM.Editor.dll
Symbol file LoadedFromMemory is not a mono symbol file
Symbol file data-0000011D11C2D020 doesn't match image C:\Users\micka\OneDrive\Bureau\CdlR_Mickael\Code_de_la_Rue\Library\ScriptAssemblies\Unity.Timeline.Editor.dll
Symbol file LoadedFromMemory is not a mono symbol file
Symbol file data-0000011D1140BCD0 doesn't match image C:\Users\micka\OneDrive\Bureau\CdlR_Mickael\Code_de_la_Rue\Library\ScriptAssemblies\Unity.VisualScripting.Shared.Editor.dll
Symbol file LoadedFromMemory is not a mono symbol file
Symbol file data-0000011D1140BCD0 doesn't match image C:\Users\micka\OneDrive\Bureau\CdlR_Mickael\Code_de_la_Rue\Library\ScriptAssemblies\Unity.AdaptivePerformance.Simulator.VRR.Extension.dll
Symbol file LoadedFromMemory is not a mono symbol file
Symbol file data-0000011D1140BCD0 doesn't match image C:\Users\micka\OneDrive\Bureau\CdlR_Mickael\Code_de_la_Rue\Library\ScriptAssemblies\Unity.CollabProxy.Editor.dll
Symbol file LoadedFromMemory is not a mono symbol file
Symbol file data-0000011D1309D450 doesn't match image C:\Users\micka\OneDrive\Bureau\CdlR_Mickael\Code_de_la_Rue\Library\ScriptAssemblies\Unity.VisualStudio.Editor.dll
Symbol file LoadedFromMemory is not a mono symbol file
Symbol file data-0000011CCD50EE20 doesn't match image C:\Users\micka\OneDrive\Bureau\CdlR_Mickael\Code_de_la_Rue\Library\ScriptAssemblies\Unity.AdaptivePerformance.Simulator.Extension.dll
Symbol file LoadedFromMemory is not a mono symbol file
Symbol file data-0000011D11C4EA30 doesn't match image C:\Users\micka\OneDrive\Bureau\CdlR_Mickael\Code_de_la_Rue\Library\ScriptAssemblies\Unity.AdaptivePerformance.dll
Symbol file LoadedFromMemory is not a mono symbol file
Symbol file data-0000011D11C4EA30 doesn't match image C:\Users\micka\OneDrive\Bureau\CdlR_Mickael\Code_de_la_Rue\Library\ScriptAssemblies\Unity.Notifications.iOS.dll
Symbol file LoadedFromMemory is not a mono symbol file
Symbol file data-0000011D11C66840 doesn't match image C:\Users\micka\OneDrive\Bureau\CdlR_Mickael\Code_de_la_Rue\Library\ScriptAssemblies\UnityEditor.UI.dll
Symbol file LoadedFromMemory is not a mono symbol file
Symbol file data-0000011D11D31020 doesn't match image C:\Users\micka\OneDrive\Bureau\CdlR_Mickael\Code_de_la_Rue\Library\ScriptAssemblies\Unity.VisualScripting.Core.dll
Symbol file LoadedFromMemory is not a mono symbol file
Symbol file data-0000011CCD5B9580 doesn't match image C:\Users\micka\OneDrive\Bureau\CdlR_Mickael\Code_de_la_Rue\Library\ScriptAssemblies\Unity.AdaptivePerformance.Profiler.Editor.dll
Symbol file LoadedFromMemory is not a mono symbol file
Symbol file data-0000011D11D31020 doesn't match image C:\Users\micka\OneDrive\Bureau\CdlR_Mickael\Code_de_la_Rue\Library\ScriptAssemblies\Unity.VisualScripting.Core.Editor.dll
Symbol file LoadedFromMemory is not a mono symbol file
Symbol file data-0000011CCD5BCD90 doesn't match image C:\Users\micka\OneDrive\Bureau\CdlR_Mickael\Code_de_la_Rue\Library\ScriptAssemblies\Unity.AdaptivePerformance.Samsung.Android.Editor.dll
Symbol file LoadedFromMemory is not a mono symbol file
Symbol file data-0000011D11C79050 doesn't match image C:\Users\micka\OneDrive\Bureau\CdlR_Mickael\Code_de_la_Rue\Library\ScriptAssemblies\Unity.Rider.Editor.dll
Symbol file LoadedFromMemory is not a mono symbol file
Symbol file data-0000011D11C79050 doesn't match image C:\Users\micka\OneDrive\Bureau\CdlR_Mickael\Code_de_la_Rue\Library\ScriptAssemblies\Unity.AdaptivePerformance.Simulator.Editor.dll
Symbol file LoadedFromMemory is not a mono symbol file
Symbol file data-0000011D11D72830 doesn't match image C:\Users\micka\OneDrive\Bureau\CdlR_Mickael\Code_de_la_Rue\Library\ScriptAssemblies\UnityEngine.UI.dll
Symbol file LoadedFromMemory is not a mono symbol file
Symbol file data-0000011D131EC2F0 doesn't match image C:\Users\micka\OneDrive\Bureau\CdlR_Mickael\Code_de_la_Rue\Library\ScriptAssemblies\Unity.AdaptivePerformance.UI.Editor.dll
Symbol file LoadedFromMemory is not a mono symbol file
Symbol file data-0000011D131EC2F0 doesn't match image C:\Users\micka\OneDrive\Bureau\CdlR_Mickael\Code_de_la_Rue\Library\ScriptAssemblies\Unity.VisualScripting.Flow.dll
Symbol file LoadedFromMemory is not a mono symbol file
Symbol file data-0000011D12C45250 doesn't match image C:\Users\micka\OneDrive\Bureau\CdlR_Mickael\Code_de_la_Rue\Library\ScriptAssemblies\Unity.VisualScripting.Flow.Editor.dll
Symbol file LoadedFromMemory is not a mono symbol file
Symbol file data-0000011D12C45250 doesn't match image C:\Users\micka\OneDrive\Bureau\CdlR_Mickael\Code_de_la_Rue\Library\ScriptAssemblies\UnityEditor.TestRunner.dll
Symbol file LoadedFromMemory is not a mono symbol file
Symbol file data-0000011D11F12640 doesn't match image C:\Users\micka\OneDrive\Bureau\CdlR_Mickael\Code_de_la_Rue\Library\ScriptAssemblies\Unity.Timeline.dll
Symbol file LoadedFromMemory is not a mono symbol file
Symbol file data-0000011D11F12640 doesn't match image C:\Users\micka\OneDrive\Bureau\CdlR_Mickael\Code_de_la_Rue\Library\ScriptAssemblies\Unity.VisualScripting.SettingsProvider.Editor.dll
Symbol file LoadedFromMemory is not a mono symbol file
Symbol file data-0000011D11F45C80 doesn't match image C:\Users\micka\OneDrive\Bureau\CdlR_Mickael\Code_de_la_Rue\Library\ScriptAssemblies\Unity.Mobile.AndroidLogcat.Editor.dll
Symbol file LoadedFromMemory is not a mono symbol file
Symbol file data-0000011D12D05010 doesn't match image C:\Users\micka\OneDrive\Bureau\CdlR_Mickael\Code_de_la_Rue\Library\ScriptAssemblies\Unity.VisualScripting.State.Editor.dll
Symbol file LoadedFromMemory is not a mono symbol file
Symbol file data-0000011D12D25E20 doesn't match image C:\Users\micka\OneDrive\Bureau\CdlR_Mickael\Code_de_la_Rue\Library\ScriptAssemblies\UnityEngine.TestRunner.dll
Symbol file LoadedFromMemory is not a mono symbol file
Symbol file data-0000011D12A81010 doesn't match image C:\Users\micka\OneDrive\Bureau\CdlR_Mickael\Code_de_la_Rue\Library\ScriptAssemblies\Unity.TextMeshPro.dll
Symbol file LoadedFromMemory is not a mono symbol file
Symbol file data-0000011D12AB9A20 doesn't match image C:\Users\micka\OneDrive\Bureau\CdlR_Mickael\Code_de_la_Rue\Library\ScriptAssemblies\Unity.TextMeshPro.Editor.dll
Symbol file LoadedFromMemory is not a mono symbol file
Symbol file data-0000011D12D87230 doesn't match image C:\Users\micka\OneDrive\Bureau\CdlR_Mickael\Code_de_la_Rue\Library\ScriptAssemblies\Unity.AdaptivePerformance.Editor.dll
Symbol file LoadedFromMemory is not a mono symbol file
Symbol file data-0000011D12AD1830 doesn't match image C:\Users\micka\OneDrive\Bureau\CdlR_Mickael\Code_de_la_Rue\Library\ScriptAssemblies\Unity.VisualScripting.State.dll
Symbol file LoadedFromMemory is not a mono symbol file
Symbol file data-0000011D12ADD640 doesn't match image C:\Users\micka\OneDrive\Bureau\CdlR_Mickael\Code_de_la_Rue\Library\ScriptAssemblies\Unity.VSCode.Editor.dll
Symbol file LoadedFromMemory is not a mono symbol file
Symbol file data-0000011D12AF6360 doesn't match image C:\Users\micka\OneDrive\Bureau\CdlR_Mickael\Code_de_la_Rue\Library\ScriptAssemblies\Unity.Notifications.Android.dll
Symbol file LoadedFromMemory is not a mono symbol file
Symbol file data-0000011D12ADD640 doesn't match image C:\Users\micka\OneDrive\Bureau\CdlR_Mickael\Code_de_la_Rue\Library\ScriptAssemblies\Unity.Profiling.Core.dll
Symbol file LoadedFromMemory is not a mono symbol file
Symbol file data-0000011D12AF6360 doesn't match image C:\Users\micka\OneDrive\Bureau\CdlR_Mickael\Code_de_la_Rue\Library\ScriptAssemblies\Unity.Notifications.Unified.dll
Symbol file LoadedFromMemory is not a mono symbol file
- Loaded All Assemblies, in  6.045 seconds
Refreshing native plugins compatible for Editor in 15.41 ms, found 3 plugins.
Native extension for WindowsStandalone target not found
Native extension for Android target not found
Package Manager log level set to [2]
[Package Manager] Server::EnsureServerProcessIsRunning -- launch failed, reason: Unity was launched with the -noUpm command-line argument
[Package Manager] UpmClient::Send -- Unable to send message (not connected to UPM process).
[Package Manager] Cannot connect to Unity Package Manager local server
Mono: successfully reloaded assembly
[Package Manager] Server::EnsureServerProcessIsRunning -- launch failed, reason: Unity was launched with the -noUpm command-line argument
[Package Manager] UpmClient::Send -- Unable to send message (not connected to UPM process).
[Package Manager] Cannot connect to Unity Package Manager local server
[Package Manager] Server::EnsureServerProcessIsRunning -- launch failed, reason: Unity was launched with the -noUpm command-line argument
[Package Manager] UpmClient::Send -- Unable to send message (not connected to UPM process).
[Package Manager] Cannot connect to Unity Package Manager local server
- Finished resetting the current domain, in  2.544 seconds
Domain Reload Profiling: 8580ms
	BeginReloadAssembly (1985ms)
		ExecutionOrderSort (0ms)
		DisableScriptedObjects (25ms)
		BackupInstance (0ms)
		ReleaseScriptingObjects (0ms)
		CreateAndSetChildDomain (40ms)
	RebuildCommonClasses (184ms)
	RebuildNativeTypeToScriptingClass (36ms)
	initialDomainReloadingComplete (246ms)
	LoadAllAssembliesAndSetupDomain (3585ms)
		LoadAssemblies (4797ms)
		RebuildTransferFunctionScriptingTraits (0ms)
		AnalyzeDomain (489ms)
			TypeCache.Refresh (419ms)
				TypeCache.ScanAssembly (365ms)
			ScanForSourceGeneratedMonoScriptInfo (50ms)
			ResolveRequiredComponents (16ms)
	FinalizeReload (2544ms)
		ReleaseScriptCaches (0ms)
		RebuildScriptCaches (0ms)
		SetupLoadedEditorAssemblies (2099ms)
			LogAssemblyErrors (0ms)
			InitializePlatformSupportModulesInManaged (61ms)
			SetLoadedEditorAssemblies (9ms)
			RefreshPlugins (0ms)
			BeforeProcessingInitializeOnLoad (163ms)
			ProcessInitializeOnLoadAttributes (1803ms)
			ProcessInitializeOnLoadMethodAttributes (56ms)
			AfterProcessingInitializeOnLoad (7ms)
			EditorAssembliesLoaded (0ms)
		ExecutionOrderSort2 (0ms)
		AwakeInstancesAfterBackupRestoration (18ms)
Launched and connected shader compiler UnityShaderCompiler.exe after 1.06 seconds
Refreshing native plugins compatible for Editor in 24.12 ms, found 3 plugins.
Preloading 0 native plugins for Editor in 0.00 ms.
Unloading 3354 Unused Serialized files (Serialized files now loaded: 0)
Unloading 52 unused Assets / (65.1 KB). Loaded Objects now: 3805.
Memory consumption went from 134.3 MB to 134.2 MB.
Total: 7.986800 ms (FindLiveObjects: 0.571100 ms CreateObjectMapping: 0.438100 ms MarkObjects: 6.822100 ms  DeleteObjects: 0.154100 ms)

AssetImportParameters requested are different than current active one (requested -> active):
  custom:container-demuxer-ogg: 62fdf1f143b41e24485cea50d1cbac27 -> 
  custom:video-decoder-ogg-theora: a1e56fd34408186e4bbccfd4996cb3dc -> 
  custom:framework-win-MediaFoundation: 216162199b28c13a410421893ffa2e32 -> 
  custom:CustomObjectIndexerAttribute: 9a22284fe3817be447336de3de66b15e -> 
  custom:container-demuxer-webm: 4f35f7cbe854078d1ac9338744f61a02 -> 
  custom:container-muxer-webm: aa71ff27fc2769a1b78a27578f13a17b -> 
  custom:video-decoder-webm-vp8: 9c59270c3fd7afecdb556c50c9e8de78 -> 
  custom:SearchIndexIgnoredProperties: e643bd26f0fe6173181afceb89e7c659 -> 
  custom:AudioImporter_EditorPlatform: d09bf68614088b80899f8185d706f6e7 -> 
  custom:video-encoder-webm-vp8: eb34c28f22e8b96e1ab97ce403110664 -> 
  custom:audio-decoder-ogg-vorbis: bf7c407c2cedff20999df2af8eb42d56 -> 
  custom:audio-encoder-webm-vorbis: bf7c407c2cedff20999df2af8eb42d56 -> 
========================================================================
Received Import Request.
  Time since last request: 501.615254 seconds.
  path: Assets/Readme.asset
  artifactKey: Guid(7f2c382dc2c22446db59030979f6e495) Importer(815301076,1909f56bfc062723c751e8b465ee728b)
Start importing Assets/Readme.asset using Guid(7f2c382dc2c22446db59030979f6e495) Importer(815301076,1909f56bfc062723c751e8b465ee728b) [PhysX] Initialized MultithreadedTaskDispatcher with 8 workers.
 -> (artifact id: '6685bce48972444adef26de25d107d5d') in 0.154992 seconds
Number of updated asset objects reloaded before import = 0
Number of asset objects unloaded after import = 2
